\BOOKMARK [0][]{chapter*.7}{Lista de Ilustra\347\365es}{}% 1
\BOOKMARK [0][]{chapter*.8}{Lista de Tabelas}{}% 2
\BOOKMARK [0][]{chapter*.9}{Lista de Quadros}{}% 3
\BOOKMARK [0][]{chapter*.10}{Lista de Abreviaturas}{}% 4
\BOOKMARK [0][]{chapter*.11}{Lista de S\355mbolos}{}% 5
\BOOKMARK [0][]{chapter.1}{Introdu\347\343o}{}% 6
\BOOKMARK [1][]{section.1.1}{Cita\347\365es diretas e indiretas}{chapter.1}% 7
\BOOKMARK [2][]{subsection.1.1.1}{Cita\347\343o Direta}{section.1.1}% 8
\BOOKMARK [2][]{subsection.1.1.2}{Cita\347\343o Indireta}{section.1.1}% 9
\BOOKMARK [1][]{section.1.2}{Montagem de Tabela}{chapter.1}% 10
\BOOKMARK [1][]{section.1.3}{Montagem de Quadro}{chapter.1}% 11
\BOOKMARK [1][]{section.1.4}{Montagem de Equa\347\343o}{chapter.1}% 12
\BOOKMARK [1][]{section.1.5}{Montagem de Algoritmo}{chapter.1}% 13
\BOOKMARK [1][]{section.1.6}{Inclus\343o de Figura}{chapter.1}% 14
\BOOKMARK [2][]{subsection.1.6.1}{Subse\347\343o}{section.1.6}% 15
\BOOKMARK [0][]{chapter.2}{T\355tulo do Cap\355tulo}{}% 16
\BOOKMARK [1][]{section.2.1}{Vis\343o Geral}{chapter.2}% 17
\BOOKMARK [1][]{section.2.2}{Conte\372do 1}{chapter.2}% 18
\BOOKMARK [0][]{chapter.3}{Conclus\365es}{}% 19
\BOOKMARK [0][]{chapter.4}{Trabalhos Futuros}{}% 20
\BOOKMARK [0][]{chapter*.15}{Refer\352ncias Bibliogr\341ficas}{}% 21
\BOOKMARK [0][]{appendix*.16}{Ap\352ndices}{}% 22
\BOOKMARK [1][]{section.1..A}{: T\355tulo}{appendix*.16}% 23
\BOOKMARK [0][]{appendix*.17}{Anexos}{}% 24
\BOOKMARK [1][]{section.2..A}{: T\355tulo}{appendix*.17}% 25
